2024-10-09T20:40:52.199Z [You Got error] : uncaughtException: Cannot find module 'cors'
Require stack:
- D:\Coding\Interviews\Unitask\dist\loaders\express.loader.js
- D:\Coding\Interviews\Unitask\dist\app.js
Error: Cannot find module 'cors'
Require stack:
- D:\Coding\Interviews\Unitask\dist\loaders\express.loader.js
- D:\Coding\Interviews\Unitask\dist\app.js
    at Module._resolveFilename (node:internal/modules/cjs/loader:1143:15)
    at Module._load (node:internal/modules/cjs/loader:984:27)
    at Module.require (node:internal/modules/cjs/loader:1231:19)
    at require (node:internal/modules/helpers:179:18)
    at Object.<anonymous> (D:\Coding\Interviews\Unitask\dist\loaders\express.loader.js:7:32)
    at Module._compile (node:internal/modules/cjs/loader:1369:14)
    at Module._extensions..js (node:internal/modules/cjs/loader:1427:10)
    at Module.load (node:internal/modules/cjs/loader:1206:32)
    at Module._load (node:internal/modules/cjs/loader:1022:12)
    at Module.require (node:internal/modules/cjs/loader:1231:19)
2024-10-09T20:41:57.673Z [You Got error] : uncaughtException: Cannot find module 'cors'
Require stack:
- D:\Coding\Interviews\Unitask\src\loaders\express.loader.ts
- D:\Coding\Interviews\Unitask\src\app.ts
Error: Cannot find module 'cors'
Require stack:
- D:\Coding\Interviews\Unitask\src\loaders\express.loader.ts
- D:\Coding\Interviews\Unitask\src\app.ts
    at Function.Module._resolveFilename (node:internal/modules/cjs/loader:1143:15)
    at Function.Module._resolveFilename.sharedData.moduleResolveFilenameHook.installedValue [as _resolveFilename] (D:\Coding\Interviews\Unitask\node_modules\@cspotcode\source-map-support\source-map-support.js:811:30)
    at Function.Module._load (node:internal/modules/cjs/loader:984:27)
    at Module.require (node:internal/modules/cjs/loader:1231:19)
    at require (node:internal/modules/helpers:179:18)
    at Object.<anonymous> (D:\Coding\Interviews\Unitask\src\loaders\express.loader.ts:2:1)
    at Module._compile (node:internal/modules/cjs/loader:1369:14)
    at Module.m._compile (D:\Coding\Interviews\Unitask\node_modules\ts-node\src\index.ts:1618:23)
    at Module._extensions..js (node:internal/modules/cjs/loader:1427:10)
    at Object.require.extensions.<computed> [as .ts] (D:\Coding\Interviews\Unitask\node_modules\ts-node\src\index.ts:1621:12)
2024-10-10T05:02:07.450Z [You Got error] : uncaughtException: тип Unable to compile TypeScript:
[96msrc/validations/user.validator.ts[0m:[93m22[0m:[93m20[0m - [91merror[0m[90m TS2339: [0mProperty 'max' does not exist on type 'Root'.

[7m22[0m   phoneNumber: Joi.max().number().required(),
[7m  [0m [91m                   ~~~[0m

TSError: тип Unable to compile TypeScript:
[96msrc/validations/user.validator.ts[0m:[93m22[0m:[93m20[0m - [91merror[0m[90m TS2339: [0mProperty 'max' does not exist on type 'Root'.

[7m22[0m   phoneNumber: Joi.max().number().required(),
[7m  [0m [91m                   ~~~[0m

    at createTSError (E:\Node-js\Uni-task\node_modules\ts-node\src\index.ts:859:12)
    at reportTSError (E:\Node-js\Uni-task\node_modules\ts-node\src\index.ts:863:19)
    at getOutput (E:\Node-js\Uni-task\node_modules\ts-node\src\index.ts:1077:36)
    at Object.compile (E:\Node-js\Uni-task\node_modules\ts-node\src\index.ts:1433:41)
    at Module.m._compile (E:\Node-js\Uni-task\node_modules\ts-node\src\index.ts:1617:30)
    at Module._extensions..js (node:internal/modules/cjs/loader:1295:10)
    at Object.require.extensions.<computed> [as .ts] (E:\Node-js\Uni-task\node_modules\ts-node\src\index.ts:1621:12)
    at Module.load (node:internal/modules/cjs/loader:1091:32)
    at Function.Module._load (node:internal/modules/cjs/loader:938:12)
    at Module.require (node:internal/modules/cjs/loader:1115:19)
2024-10-10T05:02:16.940Z [You Got error] : uncaughtException: тип Unable to compile TypeScript:
[96msrc/validations/user.validator.ts[0m:[93m22[0m:[93m29[0m - [91merror[0m[90m TS2339: [0mProperty 'mi' does not exist on type 'NumberSchema<number>'.

[7m22[0m   phoneNumber: Joi.number().mi.required(),
[7m  [0m [91m                            ~~[0m

TSError: тип Unable to compile TypeScript:
[96msrc/validations/user.validator.ts[0m:[93m22[0m:[93m29[0m - [91merror[0m[90m TS2339: [0mProperty 'mi' does not exist on type 'NumberSchema<number>'.

[7m22[0m   phoneNumber: Joi.number().mi.required(),
[7m  [0m [91m                            ~~[0m

    at createTSError (E:\Node-js\Uni-task\node_modules\ts-node\src\index.ts:859:12)
    at reportTSError (E:\Node-js\Uni-task\node_modules\ts-node\src\index.ts:863:19)
    at getOutput (E:\Node-js\Uni-task\node_modules\ts-node\src\index.ts:1077:36)
    at Object.compile (E:\Node-js\Uni-task\node_modules\ts-node\src\index.ts:1433:41)
    at Module.m._compile (E:\Node-js\Uni-task\node_modules\ts-node\src\index.ts:1617:30)
    at Module._extensions..js (node:internal/modules/cjs/loader:1295:10)
    at Object.require.extensions.<computed> [as .ts] (E:\Node-js\Uni-task\node_modules\ts-node\src\index.ts:1621:12)
    at Module.load (node:internal/modules/cjs/loader:1091:32)
    at Function.Module._load (node:internal/modules/cjs/loader:938:12)
    at Module.require (node:internal/modules/cjs/loader:1115:19)
2024-10-10T05:19:48.115Z [You Got error] : uncaughtException: тип Unable to compile TypeScript:
[96msrc/validations/user.validator.ts[0m:[93m21[0m:[93m46[0m - [91merror[0m[90m TS2345: [0mArgument of type '{ 'date.base': string; }' is not assignable to parameter of type 'string'.

[7m21[0m   dateOfBirth: Joi.date().required().message({
[7m  [0m [91m                                             ~[0m
[7m22[0m             'date.base': 'Date of birth must be a valid date. format: YYYY-MM-DD',
[7m  [0m [91m~~~~~~~~~~~~~~~~~~~~~~~~~~~~~~~~~~~~~~~~~~~~~~~~~~~~~~~~~~~~~~~~~~~~~~~~~~~~~~~~~~[0m
[7m23[0m         }),
[7m  [0m [91m~~~~~~~~~[0m

TSError: тип Unable to compile TypeScript:
[96msrc/validations/user.validator.ts[0m:[93m21[0m:[93m46[0m - [91merror[0m[90m TS2345: [0mArgument of type '{ 'date.base': string; }' is not assignable to parameter of type 'string'.

[7m21[0m   dateOfBirth: Joi.date().required().message({
[7m  [0m [91m                                             ~[0m
[7m22[0m             'date.base': 'Date of birth must be a valid date. format: YYYY-MM-DD',
[7m  [0m [91m~~~~~~~~~~~~~~~~~~~~~~~~~~~~~~~~~~~~~~~~~~~~~~~~~~~~~~~~~~~~~~~~~~~~~~~~~~~~~~~~~~[0m
[7m23[0m         }),
[7m  [0m [91m~~~~~~~~~[0m

    at createTSError (E:\Node-js\Uni-task\node_modules\ts-node\src\index.ts:859:12)
    at reportTSError (E:\Node-js\Uni-task\node_modules\ts-node\src\index.ts:863:19)
    at getOutput (E:\Node-js\Uni-task\node_modules\ts-node\src\index.ts:1077:36)
    at Object.compile (E:\Node-js\Uni-task\node_modules\ts-node\src\index.ts:1433:41)
    at Module.m._compile (E:\Node-js\Uni-task\node_modules\ts-node\src\index.ts:1617:30)
    at Module._extensions..js (node:internal/modules/cjs/loader:1295:10)
    at Object.require.extensions.<computed> [as .ts] (E:\Node-js\Uni-task\node_modules\ts-node\src\index.ts:1621:12)
    at Module.load (node:internal/modules/cjs/loader:1091:32)
    at Function.Module._load (node:internal/modules/cjs/loader:938:12)
    at Module.require (node:internal/modules/cjs/loader:1115:19)
2024-10-10T05:19:52.717Z [You Got error] : uncaughtException: тип Unable to compile TypeScript:
[96msrc/validations/user.validator.ts[0m:[93m21[0m:[93m46[0m - [91merror[0m[90m TS2345: [0mArgument of type '{ 'date.base': string; }' is not assignable to parameter of type 'string'.

[7m21[0m   dateOfBirth: Joi.date().required().message({
[7m  [0m [91m                                             ~[0m
[7m22[0m             'date.base': 'Date of birth must be a valid date. format: MM',
[7m  [0m [91m~~~~~~~~~~~~~~~~~~~~~~~~~~~~~~~~~~~~~~~~~~~~~~~~~~~~~~~~~~~~~~~~~~~~~~~~~~[0m
[7m23[0m         }),
[7m  [0m [91m~~~~~~~~~[0m

TSError: тип Unable to compile TypeScript:
[96msrc/validations/user.validator.ts[0m:[93m21[0m:[93m46[0m - [91merror[0m[90m TS2345: [0mArgument of type '{ 'date.base': string; }' is not assignable to parameter of type 'string'.

[7m21[0m   dateOfBirth: Joi.date().required().message({
[7m  [0m [91m                                             ~[0m
[7m22[0m             'date.base': 'Date of birth must be a valid date. format: MM',
[7m  [0m [91m~~~~~~~~~~~~~~~~~~~~~~~~~~~~~~~~~~~~~~~~~~~~~~~~~~~~~~~~~~~~~~~~~~~~~~~~~~[0m
[7m23[0m         }),
[7m  [0m [91m~~~~~~~~~[0m

    at createTSError (E:\Node-js\Uni-task\node_modules\ts-node\src\index.ts:859:12)
    at reportTSError (E:\Node-js\Uni-task\node_modules\ts-node\src\index.ts:863:19)
    at getOutput (E:\Node-js\Uni-task\node_modules\ts-node\src\index.ts:1077:36)
    at Object.compile (E:\Node-js\Uni-task\node_modules\ts-node\src\index.ts:1433:41)
    at Module.m._compile (E:\Node-js\Uni-task\node_modules\ts-node\src\index.ts:1617:30)
    at Module._extensions..js (node:internal/modules/cjs/loader:1295:10)
    at Object.require.extensions.<computed> [as .ts] (E:\Node-js\Uni-task\node_modules\ts-node\src\index.ts:1621:12)
    at Module.load (node:internal/modules/cjs/loader:1091:32)
    at Function.Module._load (node:internal/modules/cjs/loader:938:12)
    at Module.require (node:internal/modules/cjs/loader:1115:19)
2024-10-10T05:19:58.551Z [You Got error] : uncaughtException: тип Unable to compile TypeScript:
[96msrc/validations/user.validator.ts[0m:[93m21[0m:[93m46[0m - [91merror[0m[90m TS2345: [0mArgument of type '{ 'date.base': string; }' is not assignable to parameter of type 'string'.

[7m21[0m   dateOfBirth: Joi.date().required().message({
[7m  [0m [91m                                             ~[0m
[7m22[0m             'date.base': 'Date of birth must be a valid date. format: MM-DD-YYYY',
[7m  [0m [91m~~~~~~~~~~~~~~~~~~~~~~~~~~~~~~~~~~~~~~~~~~~~~~~~~~~~~~~~~~~~~~~~~~~~~~~~~~~~~~~~~~[0m
[7m23[0m         }),
[7m  [0m [91m~~~~~~~~~[0m

TSError: тип Unable to compile TypeScript:
[96msrc/validations/user.validator.ts[0m:[93m21[0m:[93m46[0m - [91merror[0m[90m TS2345: [0mArgument of type '{ 'date.base': string; }' is not assignable to parameter of type 'string'.

[7m21[0m   dateOfBirth: Joi.date().required().message({
[7m  [0m [91m                                             ~[0m
[7m22[0m             'date.base': 'Date of birth must be a valid date. format: MM-DD-YYYY',
[7m  [0m [91m~~~~~~~~~~~~~~~~~~~~~~~~~~~~~~~~~~~~~~~~~~~~~~~~~~~~~~~~~~~~~~~~~~~~~~~~~~~~~~~~~~[0m
[7m23[0m         }),
[7m  [0m [91m~~~~~~~~~[0m

    at createTSError (E:\Node-js\Uni-task\node_modules\ts-node\src\index.ts:859:12)
    at reportTSError (E:\Node-js\Uni-task\node_modules\ts-node\src\index.ts:863:19)
    at getOutput (E:\Node-js\Uni-task\node_modules\ts-node\src\index.ts:1077:36)
    at Object.compile (E:\Node-js\Uni-task\node_modules\ts-node\src\index.ts:1433:41)
    at Module.m._compile (E:\Node-js\Uni-task\node_modules\ts-node\src\index.ts:1617:30)
    at Module._extensions..js (node:internal/modules/cjs/loader:1295:10)
    at Object.require.extensions.<computed> [as .ts] (E:\Node-js\Uni-task\node_modules\ts-node\src\index.ts:1621:12)
    at Module.load (node:internal/modules/cjs/loader:1091:32)
    at Function.Module._load (node:internal/modules/cjs/loader:938:12)
    at Module.require (node:internal/modules/cjs/loader:1115:19)
2024-10-10T05:20:05.623Z [You Got error] : uncaughtException: тип Unable to compile TypeScript:
[96msrc/validations/user.validator.ts[0m:[93m21[0m:[93m46[0m - [91merror[0m[90m TS2345: [0mArgument of type '{ 'date.base': string; }' is not assignable to parameter of type 'string'.

[7m21[0m   dateOfBirth: Joi.date().required().message({
[7m  [0m [91m                                             ~[0m
[7m22[0m    'date.base': 'Date of birth must be a valid date. format: MM-DD-YYYY'
[7m  [0m [91m~~~~~~~~~~~~~~~~~~~~~~~~~~~~~~~~~~~~~~~~~~~~~~~~~~~~~~~~~~~~~~~~~~~~~~~~[0m
[7m23[0m   }),
[7m  [0m [91m~~~[0m

TSError: тип Unable to compile TypeScript:
[96msrc/validations/user.validator.ts[0m:[93m21[0m:[93m46[0m - [91merror[0m[90m TS2345: [0mArgument of type '{ 'date.base': string; }' is not assignable to parameter of type 'string'.

[7m21[0m   dateOfBirth: Joi.date().required().message({
[7m  [0m [91m                                             ~[0m
[7m22[0m    'date.base': 'Date of birth must be a valid date. format: MM-DD-YYYY'
[7m  [0m [91m~~~~~~~~~~~~~~~~~~~~~~~~~~~~~~~~~~~~~~~~~~~~~~~~~~~~~~~~~~~~~~~~~~~~~~~~[0m
[7m23[0m   }),
[7m  [0m [91m~~~[0m

    at createTSError (E:\Node-js\Uni-task\node_modules\ts-node\src\index.ts:859:12)
    at reportTSError (E:\Node-js\Uni-task\node_modules\ts-node\src\index.ts:863:19)
    at getOutput (E:\Node-js\Uni-task\node_modules\ts-node\src\index.ts:1077:36)
    at Object.compile (E:\Node-js\Uni-task\node_modules\ts-node\src\index.ts:1433:41)
    at Module.m._compile (E:\Node-js\Uni-task\node_modules\ts-node\src\index.ts:1617:30)
    at Module._extensions..js (node:internal/modules/cjs/loader:1295:10)
    at Object.require.extensions.<computed> [as .ts] (E:\Node-js\Uni-task\node_modules\ts-node\src\index.ts:1621:12)
    at Module.load (node:internal/modules/cjs/loader:1091:32)
    at Function.Module._load (node:internal/modules/cjs/loader:938:12)
    at Module.require (node:internal/modules/cjs/loader:1115:19)
2024-10-10T05:33:20.696Z [You Got error] : uncaughtException: тип Unable to compile TypeScript:
[96msrc/utils/response.utils.ts[0m:[93m36[0m:[93m9[0m - [91merror[0m[90m TS2353: [0mObject literal may only specify known properties, and 'notificationFlag' does not exist in type 'Response'.

[7m36[0m         notificationFlag,
[7m  [0m [91m        ~~~~~~~~~~~~~~~~[0m
[96msrc/utils/response.utils.ts[0m:[93m50[0m:[93m9[0m - [91merror[0m[90m TS2353: [0mObject literal may only specify known properties, and 'notificationFlag' does not exist in type 'Response'.

[7m50[0m         notificationFlag,
[7m  [0m [91m        ~~~~~~~~~~~~~~~~[0m

TSError: тип Unable to compile TypeScript:
[96msrc/utils/response.utils.ts[0m:[93m36[0m:[93m9[0m - [91merror[0m[90m TS2353: [0mObject literal may only specify known properties, and 'notificationFlag' does not exist in type 'Response'.

[7m36[0m         notificationFlag,
[7m  [0m [91m        ~~~~~~~~~~~~~~~~[0m
[96msrc/utils/response.utils.ts[0m:[93m50[0m:[93m9[0m - [91merror[0m[90m TS2353: [0mObject literal may only specify known properties, and 'notificationFlag' does not exist in type 'Response'.

[7m50[0m         notificationFlag,
[7m  [0m [91m        ~~~~~~~~~~~~~~~~[0m

    at createTSError (E:\Node-js\Uni-task\node_modules\ts-node\src\index.ts:859:12)
    at reportTSError (E:\Node-js\Uni-task\node_modules\ts-node\src\index.ts:863:19)
    at getOutput (E:\Node-js\Uni-task\node_modules\ts-node\src\index.ts:1077:36)
    at Object.compile (E:\Node-js\Uni-task\node_modules\ts-node\src\index.ts:1433:41)
    at Module.m._compile (E:\Node-js\Uni-task\node_modules\ts-node\src\index.ts:1617:30)
    at Module._extensions..js (node:internal/modules/cjs/loader:1295:10)
    at Object.require.extensions.<computed> [as .ts] (E:\Node-js\Uni-task\node_modules\ts-node\src\index.ts:1621:12)
    at Module.load (node:internal/modules/cjs/loader:1091:32)
    at Function.Module._load (node:internal/modules/cjs/loader:938:12)
    at Module.require (node:internal/modules/cjs/loader:1115:19)
